2025-05-18T12:01:22.322+09:00  WARN 17584 --- [HikariPool-33 housekeeper] com.zaxxer.hikari.pool.HikariPool        : HikariPool-33 - Thread starvation or clock leap detected (housekeeper delta=1d28m58s584ms932µs800ns).
2025-05-18T12:01:22.338+09:00 DEBUG 17584 --- [HikariPool-33 housekeeper] com.zaxxer.hikari.pool.HikariPool        : HikariPool-33 - Before cleanup stats (total=2, active=0, idle=2, waiting=0)
2025-05-18T12:01:22.339+09:00 DEBUG 17584 --- [HikariPool-33 housekeeper] com.zaxxer.hikari.pool.HikariPool        : HikariPool-33 - After cleanup  stats (total=2, active=0, idle=2, waiting=0)
2025-05-18T12:01:22.339+09:00 DEBUG 17584 --- [HikariPool-33 housekeeper] com.zaxxer.hikari.pool.HikariPool        : HikariPool-33 - Fill pool skipped, pool has sufficient level or currently being filled.
2025-05-18T12:01:22.340+09:00 DEBUG 17584 --- [HikariPool-33 housekeeper] org.postgresql.jdbc.PgConnection         : Validating connection.

org.postgresql.util.PSQLException: An I/O error occurred while sending to the backend.
	at org.postgresql.core.v3.QueryExecutorImpl.execute(QueryExecutorImpl.java:395) ~[postgresql-42.6.0.jar:42.6.0]
	at org.postgresql.jdbc.PgStatement.executeInternal(PgStatement.java:498) ~[postgresql-42.6.0.jar:42.6.0]
	at org.postgresql.jdbc.PgStatement.execute(PgStatement.java:415) ~[postgresql-42.6.0.jar:42.6.0]
	at org.postgresql.jdbc.PgPreparedStatement.executeWithFlags(PgPreparedStatement.java:190) ~[postgresql-42.6.0.jar:42.6.0]
	at org.postgresql.jdbc.PgPreparedStatement.executeUpdate(PgPreparedStatement.java:152) ~[postgresql-42.6.0.jar:42.6.0]
	at org.postgresql.jdbc.PgConnection.isValid(PgConnection.java:1519) ~[postgresql-42.6.0.jar:42.6.0]
	at com.zaxxer.hikari.pool.PoolBase.isConnectionDead(PoolBase.java:157) ~[HikariCP-5.1.0.jar:na]
	at com.zaxxer.hikari.pool.HikariPool$KeepaliveTask.run(HikariPool.java:854) ~[HikariCP-5.1.0.jar:na]
	at java.base/java.util.concurrent.Executors$RunnableAdapter.call(Executors.java:539) ~[na:na]
	at java.base/java.util.concurrent.FutureTask.runAndReset(FutureTask.java:305) ~[na:na]
	at java.base/java.util.concurrent.ScheduledThreadPoolExecutor$ScheduledFutureTask.run(ScheduledThreadPoolExecutor.java:305) ~[na:na]
	at java.base/java.util.concurrent.ThreadPoolExecutor.runWorker(ThreadPoolExecutor.java:1136) ~[na:na]
	at java.base/java.util.concurrent.ThreadPoolExecutor$Worker.run(ThreadPoolExecutor.java:635) ~[na:na]
	at java.base/java.lang.Thread.run(Thread.java:842) ~[na:na]
Caused by: java.net.SocketException: Connection reset by peer
	at java.base/sun.nio.ch.NioSocketImpl.implWrite(NioSocketImpl.java:425) ~[na:na]
	at java.base/sun.nio.ch.NioSocketImpl.write(NioSocketImpl.java:445) ~[na:na]
	at java.base/sun.nio.ch.NioSocketImpl$2.write(NioSocketImpl.java:831) ~[na:na]
	at java.base/java.net.Socket$SocketOutputStream.write(Socket.java:1035) ~[na:na]
	at java.base/sun.security.ssl.SSLSocketOutputRecord.deliver(SSLSocketOutputRecord.java:345) ~[na:na]
	at java.base/sun.security.ssl.SSLSocketImpl$AppOutputStream.write(SSLSocketImpl.java:1304) ~[na:na]
	at java.base/java.io.BufferedOutputStream.flushBuffer(BufferedOutputStream.java:81) ~[na:na]
	at java.base/java.io.BufferedOutputStream.flush(BufferedOutputStream.java:142) ~[na:na]
	at org.postgresql.core.PGStream.flush(PGStream.java:721) ~[postgresql-42.6.0.jar:42.6.0]
	at org.postgresql.core.v3.QueryExecutorImpl.sendSync(QueryExecutorImpl.java:1563) ~[postgresql-42.6.0.jar:42.6.0]
	at org.postgresql.core.v3.QueryExecutorImpl.execute(QueryExecutorImpl.java:366) ~[postgresql-42.6.0.jar:42.6.0]
	... 13 common frames omitted

2025-05-18T12:01:22.342+09:00  WARN 17584 --- [HikariPool-33 housekeeper] com.zaxxer.hikari.pool.PoolBase          : HikariPool-33 - Failed to validate connection org.postgresql.jdbc.PgConnection@e8ff925 (This connection has been closed.). Possibly consider using a shorter maxLifetime value.
2025-05-18T12:01:22.342+09:00 DEBUG 17584 --- [HikariPool-33 connection closer] com.zaxxer.hikari.pool.PoolBase          : HikariPool-33 - Closing connection org.postgresql.jdbc.PgConnection@e8ff925: (connection is dead)
2025-05-18T12:01:22.343+09:00 DEBUG 17584 --- [HikariPool-33 connection adder] org.postgresql.Driver                    : Connecting with URL: jdbc:postgresql://aws-0-ap-northeast-2.pooler.supabase.com:6543/postgres?user=postgres.dzjcbamguvhlpotyhbcg
2025-05-18T12:01:22.343+09:00 DEBUG 17584 --- [HikariPool-33 connection adder] org.postgresql.jdbc.PgConnection         : PostgreSQL JDBC Driver 42.6.0
2025-05-18T12:01:22.343+09:00 DEBUG 17584 --- [HikariPool-33 connection adder] org.postgresql.jdbc.PgConnection         :   setDefaultFetchSize = 0
2025-05-18T12:01:22.343+09:00 DEBUG 17584 --- [HikariPool-33 connection adder] org.postgresql.jdbc.PgConnection         :   setPrepareThreshold = 5
2025-05-18T12:01:22.343+09:00 DEBUG 17584 --- [HikariPool-33 connection adder] o.p.core.v3.ConnectionFactoryImpl        : Trying to establish a protocol version 3 connection to aws-0-ap-northeast-2.pooler.supabase.com:6543
2025-05-18T12:01:22.342+09:00 DEBUG 17584 --- [HikariPool-33 housekeeper] org.postgresql.jdbc.PgConnection         : Validating connection.

org.postgresql.util.PSQLException: An I/O error occurred while sending to the backend.
	at org.postgresql.core.v3.QueryExecutorImpl.execute(QueryExecutorImpl.java:395) ~[postgresql-42.6.0.jar:42.6.0]
	at org.postgresql.jdbc.PgStatement.executeInternal(PgStatement.java:498) ~[postgresql-42.6.0.jar:42.6.0]
	at org.postgresql.jdbc.PgStatement.execute(PgStatement.java:415) ~[postgresql-42.6.0.jar:42.6.0]
	at org.postgresql.jdbc.PgPreparedStatement.executeWithFlags(PgPreparedStatement.java:190) ~[postgresql-42.6.0.jar:42.6.0]
	at org.postgresql.jdbc.PgPreparedStatement.executeUpdate(PgPreparedStatement.java:152) ~[postgresql-42.6.0.jar:42.6.0]
	at org.postgresql.jdbc.PgConnection.isValid(PgConnection.java:1519) ~[postgresql-42.6.0.jar:42.6.0]
	at com.zaxxer.hikari.pool.PoolBase.isConnectionDead(PoolBase.java:157) ~[HikariCP-5.1.0.jar:na]
	at com.zaxxer.hikari.pool.HikariPool$KeepaliveTask.run(HikariPool.java:854) ~[HikariCP-5.1.0.jar:na]
	at java.base/java.util.concurrent.Executors$RunnableAdapter.call(Executors.java:539) ~[na:na]
	at java.base/java.util.concurrent.FutureTask.runAndReset(FutureTask.java:305) ~[na:na]
	at java.base/java.util.concurrent.ScheduledThreadPoolExecutor$ScheduledFutureTask.run(ScheduledThreadPoolExecutor.java:305) ~[na:na]
	at java.base/java.util.concurrent.ThreadPoolExecutor.runWorker(ThreadPoolExecutor.java:1136) ~[na:na]
	at java.base/java.util.concurrent.ThreadPoolExecutor$Worker.run(ThreadPoolExecutor.java:635) ~[na:na]
	at java.base/java.lang.Thread.run(Thread.java:842) ~[na:na]
Caused by: java.net.SocketException: Connection reset by peer
	at java.base/sun.nio.ch.NioSocketImpl.implWrite(NioSocketImpl.java:425) ~[na:na]
	at java.base/sun.nio.ch.NioSocketImpl.write(NioSocketImpl.java:445) ~[na:na]
	at java.base/sun.nio.ch.NioSocketImpl$2.write(NioSocketImpl.java:831) ~[na:na]
	at java.base/java.net.Socket$SocketOutputStream.write(Socket.java:1035) ~[na:na]
	at java.base/sun.security.ssl.SSLSocketOutputRecord.deliver(SSLSocketOutputRecord.java:345) ~[na:na]
	at java.base/sun.security.ssl.SSLSocketImpl$AppOutputStream.write(SSLSocketImpl.java:1304) ~[na:na]
	at java.base/java.io.BufferedOutputStream.flushBuffer(BufferedOutputStream.java:81) ~[na:na]
	at java.base/java.io.BufferedOutputStream.flush(BufferedOutputStream.java:142) ~[na:na]
	at org.postgresql.core.PGStream.flush(PGStream.java:721) ~[postgresql-42.6.0.jar:42.6.0]
	at org.postgresql.core.v3.QueryExecutorImpl.sendSync(QueryExecutorImpl.java:1563) ~[postgresql-42.6.0.jar:42.6.0]
	at org.postgresql.core.v3.QueryExecutorImpl.execute(QueryExecutorImpl.java:366) ~[postgresql-42.6.0.jar:42.6.0]
	... 13 common frames omitted

2025-05-18T12:01:22.344+09:00  WARN 17584 --- [HikariPool-33 housekeeper] com.zaxxer.hikari.pool.PoolBase          : HikariPool-33 - Failed to validate connection org.postgresql.jdbc.PgConnection@559137ef (This connection has been closed.). Possibly consider using a shorter maxLifetime value.
2025-05-18T12:01:22.344+09:00 DEBUG 17584 --- [HikariPool-33 connection closer] com.zaxxer.hikari.pool.PoolBase          : HikariPool-33 - Closing connection org.postgresql.jdbc.PgConnection@559137ef: (connection is dead)
2025-05-18T12:01:22.365+09:00 DEBUG 17584 --- [HikariPool-33 connection adder] o.p.core.v3.ConnectionFactoryImpl        : Receive Buffer Size is 65,536
2025-05-18T12:01:22.365+09:00 DEBUG 17584 --- [HikariPool-33 connection adder] o.p.core.v3.ConnectionFactoryImpl        : Send Buffer Size is 65,536
2025-05-18T12:01:22.374+09:00 DEBUG 17584 --- [HikariPool-33 connection adder] org.postgresql.ssl.MakeSSL               : converting regular socket connection to ssl
2025-05-18T12:01:22.392+09:00 DEBUG 17584 --- [HikariPool-33 connection adder] jdk.event.security                       : X509Certificate: Alg:SHA256withRSA, Serial:7f614e97b6d104f77561de9a461c4b87c4c54091, Subject:CN=*.pooler.supabase.com, O=Supabase Inc, L=New Castle, ST=Delware, C=US, Issuer:CN=Supabase Intermediate 2021 CA, O=Supabase Inc, L=New Castle, ST=Delware, C=US, Key type:RSA, Length:2048, Cert Id:394230333, Valid from:23. 7. 15. 오전 4:23, Valid until:25. 7. 14. 오전 4:23
2025-05-18T12:01:22.392+09:00 DEBUG 17584 --- [HikariPool-33 connection adder] jdk.event.security                       : X509Certificate: Alg:SHA256withRSA, Serial:5ff03c88f8b982e5aeb2a1b640d17dd943244511, Subject:CN=Supabase Intermediate 2021 CA, O=Supabase Inc, L=New Castle, ST=Delware, C=US, Issuer:CN=Supabase Root 2021 CA, O=Supabase Inc, L=New Castle, ST=Delware, C=US, Key type:RSA, Length:2048, Cert Id:785029883, Valid from:21. 4. 28. 오후 7:56, Valid until:26. 4. 27. 오후 7:56
2025-05-18T12:01:22.392+09:00 DEBUG 17584 --- [HikariPool-33 connection adder] jdk.event.security                       : X509Certificate: Alg:SHA256withRSA, Serial:6cbc4ca1deb63f692d0a2024c67289c2d13d54f6, Subject:CN=Supabase Root 2021 CA, O=Supabase Inc, L=New Castle, ST=Delware, C=US, Issuer:CN=Supabase Root 2021 CA, O=Supabase Inc, L=New Castle, ST=Delware, C=US, Key type:RSA, Length:2048, Cert Id:-301881026, Valid from:21. 4. 28. 오후 7:56, Valid until:31. 4. 26. 오후 7:56
2025-05-18T12:01:22.393+09:00 DEBUG 17584 --- [HikariPool-33 connection adder] jdk.event.security                       :  TLSHandshake: aws-0-ap-northeast-2.pooler.supabase.com:6543, TLSv1.3, TLS_AES_256_GCM_SHA384, 394230333
2025-05-18T12:01:22.510+09:00 DEBUG 17584 --- [HikariPool-33 connection adder] com.zaxxer.hikari.pool.HikariPool        : HikariPool-33 - Added connection org.postgresql.jdbc.PgConnection@2320545b
2025-05-18T12:01:22.546+09:00 DEBUG 17584 --- [HikariPool-33 connection adder] com.zaxxer.hikari.pool.HikariPool        : HikariPool-33 - Connection not added, stats (total=1, active=0, idle=1, waiting=0)
2025-05-18T12:01:22.546+09:00 DEBUG 17584 --- [HikariPool-33 connection adder] org.postgresql.Driver                    : Connecting with URL: jdbc:postgresql://aws-0-ap-northeast-2.pooler.supabase.com:6543/postgres?user=postgres.dzjcbamguvhlpotyhbcg
2025-05-18T12:01:22.546+09:00 DEBUG 17584 --- [HikariPool-33 connection adder] org.postgresql.jdbc.PgConnection         : PostgreSQL JDBC Driver 42.6.0
2025-05-18T12:01:22.546+09:00 DEBUG 17584 --- [HikariPool-33 connection adder] org.postgresql.jdbc.PgConnection         :   setDefaultFetchSize = 0
2025-05-18T12:01:22.546+09:00 DEBUG 17584 --- [HikariPool-33 connection adder] org.postgresql.jdbc.PgConnection         :   setPrepareThreshold = 5
2025-05-18T12:01:22.546+09:00 DEBUG 17584 --- [HikariPool-33 connection adder] o.p.core.v3.ConnectionFactoryImpl        : Trying to establish a protocol version 3 connection to aws-0-ap-northeast-2.pooler.supabase.com:6543
2025-05-18T12:01:22.554+09:00 DEBUG 17584 --- [HikariPool-33 connection adder] o.p.core.v3.ConnectionFactoryImpl        : Receive Buffer Size is 65,536
2025-05-18T12:01:22.554+09:00 DEBUG 17584 --- [HikariPool-33 connection adder] o.p.core.v3.ConnectionFactoryImpl        : Send Buffer Size is 65,536
2025-05-18T12:01:22.560+09:00 DEBUG 17584 --- [HikariPool-33 connection adder] org.postgresql.ssl.MakeSSL               : converting regular socket connection to ssl
2025-05-18T12:01:22.577+09:00 DEBUG 17584 --- [HikariPool-33 connection adder] jdk.event.security                       : X509Certificate: Alg:SHA256withRSA, Serial:7f614e97b6d104f77561de9a461c4b87c4c54091, Subject:CN=*.pooler.supabase.com, O=Supabase Inc, L=New Castle, ST=Delware, C=US, Issuer:CN=Supabase Intermediate 2021 CA, O=Supabase Inc, L=New Castle, ST=Delware, C=US, Key type:RSA, Length:2048, Cert Id:394230333, Valid from:23. 7. 15. 오전 4:23, Valid until:25. 7. 14. 오전 4:23
2025-05-18T12:01:22.577+09:00 DEBUG 17584 --- [HikariPool-33 connection adder] jdk.event.security                       : X509Certificate: Alg:SHA256withRSA, Serial:5ff03c88f8b982e5aeb2a1b640d17dd943244511, Subject:CN=Supabase Intermediate 2021 CA, O=Supabase Inc, L=New Castle, ST=Delware, C=US, Issuer:CN=Supabase Root 2021 CA, O=Supabase Inc, L=New Castle, ST=Delware, C=US, Key type:RSA, Length:2048, Cert Id:785029883, Valid from:21. 4. 28. 오후 7:56, Valid until:26. 4. 27. 오후 7:56
2025-05-18T12:01:22.578+09:00 DEBUG 17584 --- [HikariPool-33 connection adder] jdk.event.security                       : X509Certificate: Alg:SHA256withRSA, Serial:6cbc4ca1deb63f692d0a2024c67289c2d13d54f6, Subject:CN=Supabase Root 2021 CA, O=Supabase Inc, L=New Castle, ST=Delware, C=US, Issuer:CN=Supabase Root 2021 CA, O=Supabase Inc, L=New Castle, ST=Delware, C=US, Key type:RSA, Length:2048, Cert Id:-301881026, Valid from:21. 4. 28. 오후 7:56, Valid until:31. 4. 26. 오후 7:56
2025-05-18T12:01:22.579+09:00 DEBUG 17584 --- [HikariPool-33 connection adder] jdk.event.security                       :  TLSHandshake: aws-0-ap-northeast-2.pooler.supabase.com:6543, TLSv1.3, TLS_AES_256_GCM_SHA384, 394230333
2025-05-18T12:01:22.631+09:00 DEBUG 17584 --- [HikariPool-33 connection adder] com.zaxxer.hikari.pool.HikariPool        : HikariPool-33 - Added connection org.postgresql.jdbc.PgConnection@2de7ae4f
2025-05-18T12:01:22.666+09:00 DEBUG 17584 --- [HikariPool-33 connection adder] com.zaxxer.hikari.pool.HikariPool        : HikariPool-33 - Connection not added, stats (total=2, active=0, idle=2, waiting=0)
2025-05-18T12:01:22.666+09:00 DEBUG 17584 --- [HikariPool-33 connection adder] com.zaxxer.hikari.pool.HikariPool        : HikariPool-33 - Connection not added, stats (total=2, active=0, idle=2, waiting=0)
2025-05-18T12:01:22.666+09:00 DEBUG 17584 --- [HikariPool-33 connection adder] com.zaxxer.hikari.pool.HikariPool        : HikariPool-33 - Connection not added, stats (total=2, active=0, idle=2, waiting=0)
2025-05-18T12:03:43.348+09:00  WARN 17584 --- [HikariPool-33 housekeeper] com.zaxxer.hikari.pool.HikariPool        : HikariPool-33 - Thread starvation or clock leap detected (housekeeper delta=2m21s26ms450µs100ns).
2025-05-18T12:03:43.348+09:00 DEBUG 17584 --- [HikariPool-33 housekeeper] com.zaxxer.hikari.pool.HikariPool        : HikariPool-33 - Before cleanup stats (total=2, active=0, idle=2, waiting=0)
2025-05-18T12:03:43.348+09:00 DEBUG 17584 --- [HikariPool-33 housekeeper] com.zaxxer.hikari.pool.HikariPool        : HikariPool-33 - After cleanup  stats (total=2, active=0, idle=2, waiting=0)
2025-05-18T12:03:43.348+09:00 DEBUG 17584 --- [HikariPool-33 housekeeper] com.zaxxer.hikari.pool.HikariPool        : HikariPool-33 - Fill pool skipped, pool has sufficient level or currently being filled.
2025-05-18T12:04:13.362+09:00 DEBUG 17584 --- [HikariPool-33 housekeeper] com.zaxxer.hikari.pool.HikariPool        : HikariPool-33 - Before cleanup stats (total=2, active=0, idle=2, waiting=0)
2025-05-18T12:04:13.362+09:00 DEBUG 17584 --- [HikariPool-33 housekeeper] com.zaxxer.hikari.pool.HikariPool        : HikariPool-33 - After cleanup  stats (total=2, active=0, idle=2, waiting=0)
2025-05-18T12:04:13.362+09:00 DEBUG 17584 --- [HikariPool-33 housekeeper] com.zaxxer.hikari.pool.HikariPool        : HikariPool-33 - Fill pool skipped, pool has sufficient level or currently being filled.
2025-05-18T12:04:43.376+09:00 DEBUG 17584 --- [HikariPool-33 housekeeper] com.zaxxer.hikari.pool.HikariPool        : HikariPool-33 - Before cleanup stats (total=2, active=0, idle=2, waiting=0)
2025-05-18T12:04:43.376+09:00 DEBUG 17584 --- [HikariPool-33 housekeeper] com.zaxxer.hikari.pool.HikariPool        : HikariPool-33 - After cleanup  stats (total=2, active=0, idle=2, waiting=0)
2025-05-18T12:04:43.376+09:00 DEBUG 17584 --- [HikariPool-33 housekeeper] com.zaxxer.hikari.pool.HikariPool        : HikariPool-33 - Fill pool skipped, pool has sufficient level or currently being filled.
2025-05-18T12:05:13.386+09:00 DEBUG 17584 --- [HikariPool-33 housekeeper] com.zaxxer.hikari.pool.HikariPool        : HikariPool-33 - Before cleanup stats (total=2, active=0, idle=2, waiting=0)
2025-05-18T12:05:13.386+09:00 DEBUG 17584 --- [HikariPool-33 housekeeper] com.zaxxer.hikari.pool.HikariPool        : HikariPool-33 - After cleanup  stats (total=2, active=0, idle=2, waiting=0)
2025-05-18T12:05:13.386+09:00 DEBUG 17584 --- [HikariPool-33 housekeeper] com.zaxxer.hikari.pool.HikariPool        : HikariPool-33 - Fill pool skipped, pool has sufficient level or currently being filled.
2025-05-18T12:05:43.392+09:00 DEBUG 17584 --- [HikariPool-33 housekeeper] com.zaxxer.hikari.pool.HikariPool        : HikariPool-33 - Before cleanup stats (total=2, active=0, idle=2, waiting=0)
2025-05-18T12:05:43.392+09:00 DEBUG 17584 --- [HikariPool-33 housekeeper] com.zaxxer.hikari.pool.HikariPool        : HikariPool-33 - After cleanup  stats (total=2, active=0, idle=2, waiting=0)
2025-05-18T12:05:43.392+09:00 DEBUG 17584 --- [HikariPool-33 housekeeper] com.zaxxer.hikari.pool.HikariPool        : HikariPool-33 - Fill pool skipped, pool has sufficient level or currently being filled.
2025-05-18T12:05:52.587+09:00 DEBUG 17584 --- [HikariPool-33 housekeeper] com.zaxxer.hikari.pool.HikariPool        : HikariPool-33 - keepalive: connection org.postgresql.jdbc.PgConnection@2320545b is alive
2025-05-18T12:05:52.692+09:00 DEBUG 17584 --- [HikariPool-33 housekeeper] com.zaxxer.hikari.pool.HikariPool        : HikariPool-33 - keepalive: connection org.postgresql.jdbc.PgConnection@2de7ae4f is alive
2025-05-18T12:06:13.398+09:00 DEBUG 17584 --- [HikariPool-33 housekeeper] com.zaxxer.hikari.pool.HikariPool        : HikariPool-33 - Before cleanup stats (total=2, active=0, idle=2, waiting=0)
2025-05-18T12:06:13.398+09:00 DEBUG 17584 --- [HikariPool-33 housekeeper] com.zaxxer.hikari.pool.HikariPool        : HikariPool-33 - After cleanup  stats (total=2, active=0, idle=2, waiting=0)
2025-05-18T12:06:13.398+09:00 DEBUG 17584 --- [HikariPool-33 housekeeper] com.zaxxer.hikari.pool.HikariPool        : HikariPool-33 - Fill pool skipped, pool has sufficient level or currently being filled.
2025-05-18T12:06:43.404+09:00 DEBUG 17584 --- [HikariPool-33 housekeeper] com.zaxxer.hikari.pool.HikariPool        : HikariPool-33 - Before cleanup stats (total=2, active=0, idle=2, waiting=0)
2025-05-18T12:06:43.404+09:00 DEBUG 17584 --- [HikariPool-33 housekeeper] com.zaxxer.hikari.pool.HikariPool        : HikariPool-33 - After cleanup  stats (total=2, active=0, idle=2, waiting=0)
2025-05-18T12:06:43.404+09:00 DEBUG 17584 --- [HikariPool-33 housekeeper] com.zaxxer.hikari.pool.HikariPool        : HikariPool-33 - Fill pool skipped, pool has sufficient level or currently being filled.
2025-05-18T12:07:13.404+09:00 DEBUG 17584 --- [HikariPool-33 housekeeper] com.zaxxer.hikari.pool.HikariPool        : HikariPool-33 - Before cleanup stats (total=2, active=0, idle=2, waiting=0)
2025-05-18T12:07:13.404+09:00 DEBUG 17584 --- [HikariPool-33 housekeeper] com.zaxxer.hikari.pool.HikariPool        : HikariPool-33 - After cleanup  stats (total=2, active=0, idle=2, waiting=0)
2025-05-18T12:07:13.404+09:00 DEBUG 17584 --- [HikariPool-33 housekeeper] com.zaxxer.hikari.pool.HikariPool        : HikariPool-33 - Fill pool skipped, pool has sufficient level or currently being filled.
2025-05-18T12:07:43.409+09:00 DEBUG 17584 --- [HikariPool-33 housekeeper] com.zaxxer.hikari.pool.HikariPool        : HikariPool-33 - Before cleanup stats (total=2, active=0, idle=2, waiting=0)
2025-05-18T12:07:43.409+09:00 DEBUG 17584 --- [HikariPool-33 housekeeper] com.zaxxer.hikari.pool.HikariPool        : HikariPool-33 - After cleanup  stats (total=2, active=0, idle=2, waiting=0)
2025-05-18T12:07:43.409+09:00 DEBUG 17584 --- [HikariPool-33 housekeeper] com.zaxxer.hikari.pool.HikariPool        : HikariPool-33 - Fill pool skipped, pool has sufficient level or currently being filled.
2025-05-18T12:08:13.423+09:00 DEBUG 17584 --- [HikariPool-33 housekeeper] com.zaxxer.hikari.pool.HikariPool        : HikariPool-33 - Before cleanup stats (total=2, active=0, idle=2, waiting=0)
2025-05-18T12:08:13.423+09:00 DEBUG 17584 --- [HikariPool-33 housekeeper] com.zaxxer.hikari.pool.HikariPool        : HikariPool-33 - After cleanup  stats (total=2, active=0, idle=2, waiting=0)
2025-05-18T12:08:13.423+09:00 DEBUG 17584 --- [HikariPool-33 housekeeper] com.zaxxer.hikari.pool.HikariPool        : HikariPool-33 - Fill pool skipped, pool has sufficient level or currently being filled.
2025-05-18T12:08:43.438+09:00 DEBUG 17584 --- [HikariPool-33 housekeeper] com.zaxxer.hikari.pool.HikariPool        : HikariPool-33 - Before cleanup stats (total=2, active=0, idle=2, waiting=0)
2025-05-18T12:08:43.438+09:00 DEBUG 17584 --- [HikariPool-33 housekeeper] com.zaxxer.hikari.pool.HikariPool        : HikariPool-33 - After cleanup  stats (total=2, active=0, idle=2, waiting=0)
2025-05-18T12:08:43.438+09:00 DEBUG 17584 --- [HikariPool-33 housekeeper] com.zaxxer.hikari.pool.HikariPool        : HikariPool-33 - Fill pool skipped, pool has sufficient level or currently being filled.
2025-05-18T12:09:13.476+09:00 DEBUG 17584 --- [HikariPool-33 housekeeper] com.zaxxer.hikari.pool.HikariPool        : HikariPool-33 - Before cleanup stats (total=2, active=0, idle=2, waiting=0)
2025-05-18T12:09:13.477+09:00 DEBUG 17584 --- [HikariPool-33 housekeeper] com.zaxxer.hikari.pool.HikariPool        : HikariPool-33 - After cleanup  stats (total=2, active=0, idle=2, waiting=0)
2025-05-18T12:09:13.477+09:00 DEBUG 17584 --- [HikariPool-33 housekeeper] com.zaxxer.hikari.pool.HikariPool        : HikariPool-33 - Fill pool skipped, pool has sufficient level or currently being filled.
2025-05-18T12:09:43.491+09:00 DEBUG 17584 --- [HikariPool-33 housekeeper] com.zaxxer.hikari.pool.HikariPool        : HikariPool-33 - Before cleanup stats (total=2, active=0, idle=2, waiting=0)
2025-05-18T12:09:43.491+09:00 DEBUG 17584 --- [HikariPool-33 housekeeper] com.zaxxer.hikari.pool.HikariPool        : HikariPool-33 - After cleanup  stats (total=2, active=0, idle=2, waiting=0)
2025-05-18T12:09:43.491+09:00 DEBUG 17584 --- [HikariPool-33 housekeeper] com.zaxxer.hikari.pool.HikariPool        : HikariPool-33 - Fill pool skipped, pool has sufficient level or currently being filled.
2025-05-18T12:10:13.505+09:00 DEBUG 17584 --- [HikariPool-33 housekeeper] com.zaxxer.hikari.pool.HikariPool        : HikariPool-33 - Before cleanup stats (total=2, active=0, idle=2, waiting=0)
2025-05-18T12:10:13.505+09:00 DEBUG 17584 --- [HikariPool-33 housekeeper] com.zaxxer.hikari.pool.HikariPool        : HikariPool-33 - After cleanup  stats (total=2, active=0, idle=2, waiting=0)
2025-05-18T12:10:13.505+09:00 DEBUG 17584 --- [HikariPool-33 housekeeper] com.zaxxer.hikari.pool.HikariPool        : HikariPool-33 - Fill pool skipped, pool has sufficient level or currently being filled.
2025-05-18T12:10:22.666+09:00 DEBUG 17584 --- [HikariPool-33 housekeeper] com.zaxxer.hikari.pool.HikariPool        : HikariPool-33 - keepalive: connection org.postgresql.jdbc.PgConnection@2320545b is alive
2025-05-18T12:10:22.743+09:00 DEBUG 17584 --- [HikariPool-33 housekeeper] com.zaxxer.hikari.pool.HikariPool        : HikariPool-33 - keepalive: connection org.postgresql.jdbc.PgConnection@2de7ae4f is alive
2025-05-18T12:10:43.516+09:00 DEBUG 17584 --- [HikariPool-33 housekeeper] com.zaxxer.hikari.pool.HikariPool        : HikariPool-33 - Before cleanup stats (total=2, active=0, idle=2, waiting=0)
2025-05-18T12:10:43.516+09:00 DEBUG 17584 --- [HikariPool-33 housekeeper] com.zaxxer.hikari.pool.HikariPool        : HikariPool-33 - After cleanup  stats (total=2, active=0, idle=2, waiting=0)
2025-05-18T12:10:43.516+09:00 DEBUG 17584 --- [HikariPool-33 housekeeper] com.zaxxer.hikari.pool.HikariPool        : HikariPool-33 - Fill pool skipped, pool has sufficient level or currently being filled.
2025-05-18T12:11:13.524+09:00 DEBUG 17584 --- [HikariPool-33 housekeeper] com.zaxxer.hikari.pool.HikariPool        : HikariPool-33 - Before cleanup stats (total=2, active=0, idle=2, waiting=0)
2025-05-18T12:11:13.524+09:00 DEBUG 17584 --- [HikariPool-33 housekeeper] com.zaxxer.hikari.pool.HikariPool        : HikariPool-33 - After cleanup  stats (total=2, active=0, idle=2, waiting=0)
2025-05-18T12:11:13.524+09:00 DEBUG 17584 --- [HikariPool-33 housekeeper] com.zaxxer.hikari.pool.HikariPool        : HikariPool-33 - Fill pool skipped, pool has sufficient level or currently being filled.
2025-05-18T12:11:43.525+09:00 DEBUG 17584 --- [HikariPool-33 housekeeper] com.zaxxer.hikari.pool.HikariPool        : HikariPool-33 - Before cleanup stats (total=2, active=0, idle=2, waiting=0)
2025-05-18T12:11:43.525+09:00 DEBUG 17584 --- [HikariPool-33 housekeeper] com.zaxxer.hikari.pool.HikariPool        : HikariPool-33 - After cleanup  stats (total=2, active=0, idle=2, waiting=0)
2025-05-18T12:11:43.525+09:00 DEBUG 17584 --- [HikariPool-33 housekeeper] com.zaxxer.hikari.pool.HikariPool        : HikariPool-33 - Fill pool skipped, pool has sufficient level or currently being filled.
2025-05-18T12:12:13.533+09:00 DEBUG 17584 --- [HikariPool-33 housekeeper] com.zaxxer.hikari.pool.HikariPool        : HikariPool-33 - Before cleanup stats (total=2, active=0, idle=2, waiting=0)
2025-05-18T12:12:13.533+09:00 DEBUG 17584 --- [HikariPool-33 housekeeper] com.zaxxer.hikari.pool.HikariPool        : HikariPool-33 - After cleanup  stats (total=2, active=0, idle=2, waiting=0)
2025-05-18T12:12:13.533+09:00 DEBUG 17584 --- [HikariPool-33 housekeeper] com.zaxxer.hikari.pool.HikariPool        : HikariPool-33 - Fill pool skipped, pool has sufficient level or currently being filled.
2025-05-18T12:12:43.538+09:00 DEBUG 17584 --- [HikariPool-33 housekeeper] com.zaxxer.hikari.pool.HikariPool        : HikariPool-33 - Before cleanup stats (total=2, active=0, idle=2, waiting=0)
2025-05-18T12:12:43.538+09:00 DEBUG 17584 --- [HikariPool-33 housekeeper] com.zaxxer.hikari.pool.HikariPool        : HikariPool-33 - After cleanup  stats (total=2, active=0, idle=2, waiting=0)
2025-05-18T12:12:43.538+09:00 DEBUG 17584 --- [HikariPool-33 housekeeper] com.zaxxer.hikari.pool.HikariPool        : HikariPool-33 - Fill pool skipped, pool has sufficient level or currently being filled.
2025-05-18T12:13:13.550+09:00 DEBUG 17584 --- [HikariPool-33 housekeeper] com.zaxxer.hikari.pool.HikariPool        : HikariPool-33 - Before cleanup stats (total=2, active=0, idle=2, waiting=0)
2025-05-18T12:13:13.550+09:00 DEBUG 17584 --- [HikariPool-33 housekeeper] com.zaxxer.hikari.pool.HikariPool        : HikariPool-33 - After cleanup  stats (total=2, active=0, idle=2, waiting=0)
2025-05-18T12:13:13.550+09:00 DEBUG 17584 --- [HikariPool-33 housekeeper] com.zaxxer.hikari.pool.HikariPool        : HikariPool-33 - Fill pool skipped, pool has sufficient level or currently being filled.
2025-05-18T12:13:43.558+09:00 DEBUG 17584 --- [HikariPool-33 housekeeper] com.zaxxer.hikari.pool.HikariPool        : HikariPool-33 - Before cleanup stats (total=2, active=0, idle=2, waiting=0)
2025-05-18T12:13:43.558+09:00 DEBUG 17584 --- [HikariPool-33 housekeeper] com.zaxxer.hikari.pool.HikariPool        : HikariPool-33 - After cleanup  stats (total=2, active=0, idle=2, waiting=0)
2025-05-18T12:13:43.558+09:00 DEBUG 17584 --- [HikariPool-33 housekeeper] com.zaxxer.hikari.pool.HikariPool        : HikariPool-33 - Fill pool skipped, pool has sufficient level or currently being filled.
2025-05-18T12:14:13.573+09:00 DEBUG 17584 --- [HikariPool-33 housekeeper] com.zaxxer.hikari.pool.HikariPool        : HikariPool-33 - Before cleanup stats (total=2, active=0, idle=2, waiting=0)
2025-05-18T12:14:13.573+09:00 DEBUG 17584 --- [HikariPool-33 housekeeper] com.zaxxer.hikari.pool.HikariPool        : HikariPool-33 - After cleanup  stats (total=2, active=0, idle=2, waiting=0)
2025-05-18T12:14:13.573+09:00 DEBUG 17584 --- [HikariPool-33 housekeeper] com.zaxxer.hikari.pool.HikariPool        : HikariPool-33 - Fill pool skipped, pool has sufficient level or currently being filled.
2025-05-18T12:14:43.579+09:00 DEBUG 17584 --- [HikariPool-33 housekeeper] com.zaxxer.hikari.pool.HikariPool        : HikariPool-33 - Before cleanup stats (total=2, active=0, idle=2, waiting=0)
2025-05-18T12:14:43.579+09:00 DEBUG 17584 --- [HikariPool-33 housekeeper] com.zaxxer.hikari.pool.HikariPool        : HikariPool-33 - After cleanup  stats (total=2, active=0, idle=2, waiting=0)
2025-05-18T12:14:43.579+09:00 DEBUG 17584 --- [HikariPool-33 housekeeper] com.zaxxer.hikari.pool.HikariPool        : HikariPool-33 - Fill pool skipped, pool has sufficient level or currently being filled.
2025-05-18T12:14:52.748+09:00 DEBUG 17584 --- [HikariPool-33 housekeeper] com.zaxxer.hikari.pool.HikariPool        : HikariPool-33 - keepalive: connection org.postgresql.jdbc.PgConnection@2320545b is alive
2025-05-18T12:14:52.793+09:00 DEBUG 17584 --- [HikariPool-33 housekeeper] com.zaxxer.hikari.pool.HikariPool        : HikariPool-33 - keepalive: connection org.postgresql.jdbc.PgConnection@2de7ae4f is alive
2025-05-18T12:15:13.582+09:00 DEBUG 17584 --- [HikariPool-33 housekeeper] com.zaxxer.hikari.pool.HikariPool        : HikariPool-33 - Before cleanup stats (total=2, active=0, idle=2, waiting=0)
2025-05-18T12:15:13.582+09:00 DEBUG 17584 --- [HikariPool-33 housekeeper] com.zaxxer.hikari.pool.HikariPool        : HikariPool-33 - After cleanup  stats (total=2, active=0, idle=2, waiting=0)
2025-05-18T12:15:13.582+09:00 DEBUG 17584 --- [HikariPool-33 housekeeper] com.zaxxer.hikari.pool.HikariPool        : HikariPool-33 - Fill pool skipped, pool has sufficient level or currently being filled.
2025-05-18T12:15:43.584+09:00 DEBUG 17584 --- [HikariPool-33 housekeeper] com.zaxxer.hikari.pool.HikariPool        : HikariPool-33 - Before cleanup stats (total=2, active=0, idle=2, waiting=0)
2025-05-18T12:15:43.584+09:00 DEBUG 17584 --- [HikariPool-33 housekeeper] com.zaxxer.hikari.pool.HikariPool        : HikariPool-33 - After cleanup  stats (total=2, active=0, idle=2, waiting=0)
2025-05-18T12:15:43.584+09:00 DEBUG 17584 --- [HikariPool-33 housekeeper] com.zaxxer.hikari.pool.HikariPool        : HikariPool-33 - Fill pool skipped, pool has sufficient level or currently being filled.
2025-05-18T12:15:46.047+09:00 DEBUG 17584 --- [SpringApplicationShutdownHook] o.s.b.a.ApplicationAvailabilityBean      : Application availability state ReadinessState changed from ACCEPTING_TRAFFIC to REFUSING_TRAFFIC
2025-05-18T12:15:46.050+09:00 DEBUG 17584 --- [SpringApplicationShutdownHook] ConfigServletWebServerApplicationContext : Closing org.springframework.boot.web.servlet.context.AnnotationConfigServletWebServerApplicationContext@58eebb1a, started on Fri May 16 18:51:14 KST 2025
2025-05-18T12:15:46.076+09:00 DEBUG 17584 --- [SpringApplicationShutdownHook] o.s.c.support.DefaultLifecycleProcessor  : Stopping beans in phase 2147482623
2025-05-18T12:15:46.079+09:00  INFO 17584 --- [SpringApplicationShutdownHook] o.s.b.w.e.tomcat.GracefulShutdown        : Commencing graceful shutdown. Waiting for active requests to complete
2025-05-18T12:15:46.180+09:00  INFO 17584 --- [tomcat-shutdown] o.s.b.w.e.tomcat.GracefulShutdown        : Graceful shutdown complete
2025-05-18T12:15:46.181+09:00 DEBUG 17584 --- [SpringApplicationShutdownHook] o.s.c.support.DefaultLifecycleProcessor  : Stopping beans in phase 2147481599
2025-05-18T12:15:46.181+09:00 DEBUG 17584 --- [tomcat-shutdown] o.s.c.support.DefaultLifecycleProcessor  : Bean 'webServerGracefulShutdown' completed its stop procedure
2025-05-18T12:15:46.190+09:00 DEBUG 17584 --- [SpringApplicationShutdownHook] o.s.c.support.DefaultLifecycleProcessor  : Bean 'webServerStartStop' completed its stop procedure
2025-05-18T12:15:46.190+09:00 DEBUG 17584 --- [SpringApplicationShutdownHook] o.s.c.support.DefaultLifecycleProcessor  : Stopping beans in phase 1073741823
2025-05-18T12:15:46.190+09:00 DEBUG 17584 --- [SpringApplicationShutdownHook] o.s.c.support.DefaultLifecycleProcessor  : Bean 'applicationTaskExecutor' completed its stop procedure
2025-05-18T12:15:46.190+09:00 DEBUG 17584 --- [SpringApplicationShutdownHook] o.s.c.support.DefaultLifecycleProcessor  : Stopping beans in phase -2147483647
2025-05-18T12:15:46.195+09:00 DEBUG 17584 --- [SpringApplicationShutdownHook] o.s.c.support.DefaultLifecycleProcessor  : Bean 'springBootLoggingLifecycle' completed its stop procedure
2025-05-18T12:15:46.204+09:00 DEBUG 17584 --- [SpringApplicationShutdownHook] o.s.j.e.a.AnnotationMBeanExporter        : Unregistering JMX-exposed beans on shutdown
2025-05-18T12:15:46.204+09:00 DEBUG 17584 --- [SpringApplicationShutdownHook] o.s.j.e.a.AnnotationMBeanExporter        : Unregistering JMX-exposed beans
2025-05-18T12:15:46.204+09:00 DEBUG 17584 --- [SpringApplicationShutdownHook] o.s.s.concurrent.ThreadPoolTaskExecutor  : Shutting down ExecutorService 'applicationTaskExecutor'
2025-05-18T12:15:46.213+09:00  INFO 17584 --- [SpringApplicationShutdownHook] j.LocalContainerEntityManagerFactoryBean : Closing JPA EntityManagerFactory for persistence unit 'default'
2025-05-18T12:15:46.214+09:00 DEBUG 17584 --- [SpringApplicationShutdownHook] o.hibernate.internal.SessionFactoryImpl  : HHH000031: Closing
2025-05-18T12:15:46.229+09:00 DEBUG 17584 --- [SpringApplicationShutdownHook] o.h.type.spi.TypeConfiguration$Scope     : Un-scoping TypeConfiguration [org.hibernate.type.spi.TypeConfiguration$Scope@298e9e26] from SessionFactory [org.hibernate.internal.SessionFactoryImpl@455bee43]
2025-05-18T12:15:46.235+09:00 DEBUG 17584 --- [SpringApplicationShutdownHook] o.h.s.i.AbstractServiceRegistryImpl      : Implicitly destroying ServiceRegistry on de-registration of all child ServiceRegistries
2025-05-18T12:15:46.239+09:00 DEBUG 17584 --- [SpringApplicationShutdownHook] o.h.b.r.i.BootstrapServiceRegistryImpl   : Implicitly destroying Boot-strap registry on de-registration of all child ServiceRegistries
2025-05-18T12:15:46.247+09:00  INFO 17584 --- [SpringApplicationShutdownHook] com.zaxxer.hikari.HikariDataSource       : HikariPool-33 - Shutdown initiated...
2025-05-18T12:15:46.247+09:00 DEBUG 17584 --- [SpringApplicationShutdownHook] com.zaxxer.hikari.pool.HikariPool        : HikariPool-33 - Before shutdown stats (total=2, active=0, idle=2, waiting=0)
2025-05-18T12:15:46.250+09:00 DEBUG 17584 --- [HikariPool-33 connection closer] com.zaxxer.hikari.pool.PoolBase          : HikariPool-33 - Closing connection org.postgresql.jdbc.PgConnection@2320545b: (connection evicted)
2025-05-18T12:15:46.259+09:00 DEBUG 17584 --- [HikariPool-33 connection closer] com.zaxxer.hikari.pool.PoolBase          : HikariPool-33 - Closing connection org.postgresql.jdbc.PgConnection@2de7ae4f: (connection evicted)
2025-05-18T12:15:46.266+09:00 DEBUG 17584 --- [SpringApplicationShutdownHook] com.zaxxer.hikari.pool.HikariPool        : HikariPool-33 - After shutdown stats (total=0, active=0, idle=0, waiting=0)
2025-05-18T12:15:46.266+09:00  INFO 17584 --- [SpringApplicationShutdownHook] com.zaxxer.hikari.HikariDataSource       : HikariPool-33 - Shutdown completed.
